DEPRECATION WARNING: ActiveRecord::Base.raise_in_transactional_callbacks= is deprecated, has no effect and will be removed without replacement. (called from <top (required)> at /Users/appacademy/Desktop/app-academy/curriculum/html-css/projects/aa_times/skeleton/config/environment.rb:5)
DEPRECATION WARNING: Passing #original_exception is deprecated and has no effect. Exceptions will automatically capture the original exception. (called from require at /Users/appacademy/Desktop/app-academy/curriculum/html-css/projects/aa_times/skeleton/bin/rails:9)
DEPRECATION WARNING: ActiveRecord::Base.raise_in_transactional_callbacks= is deprecated, has no effect and will be removed without replacement. (called from require at /Users/appacademy/Desktop/app-academy/curriculum/html-css/projects/aa_times/skeleton/bin/rails:9)
  [1m[35m (6.2ms)[0m  [1m[35mCREATE TABLE "schema_migrations" ("version" varchar NOT NULL PRIMARY KEY)[0m
  [1m[35m (2.7ms)[0m  [1m[35mCREATE TABLE "ar_internal_metadata" ("key" varchar NOT NULL PRIMARY KEY, "value" varchar, "created_at" datetime NOT NULL, "updated_at" datetime NOT NULL)[0m
  [1m[36mActiveRecord::InternalMetadata Load (0.3ms)[0m  [1m[34mSELECT  "ar_internal_metadata".* FROM "ar_internal_metadata" WHERE "ar_internal_metadata"."key" = ? LIMIT ?[0m  [["key", "environment"], ["LIMIT", 1]]
  [1m[35m (0.1ms)[0m  [1m[36mbegin transaction[0m
  [1m[35mSQL (0.5ms)[0m  [1m[32mINSERT INTO "ar_internal_metadata" ("key", "value", "created_at", "updated_at") VALUES (?, ?, ?, ?)[0m  [["key", "environment"], ["value", "development"], ["created_at", "2018-05-08 13:28:35.437337"], ["updated_at", "2018-05-08 13:28:35.437337"]]
  [1m[35m (2.2ms)[0m  [1m[36mcommit transaction[0m
  [1m[36mActiveRecord::SchemaMigration Load (0.1ms)[0m  [1m[34mSELECT "schema_migrations".* FROM "schema_migrations"[0m
Started GET "/" for ::1 at 2018-05-08 09:29:10 -0400
DEPRECATION WARNING: ActiveRecord::Base.raise_in_transactional_callbacks= is deprecated, has no effect and will be removed without replacement. (called from block (3 levels) in <class:Railtie> at /usr/local/var/rbenv/versions/2.3.1/lib/ruby/gems/2.3.0/gems/activerecord-5.0.7/lib/active_record/railtie.rb:113)
Processing by StaticPagesController#index as HTML
  Rendering static_pages/index.html.erb within layouts/application
  Rendered shared/_main_nav.html.erb (0.7ms)
  Rendered shared/_masthead.html.erb (0.5ms)
  Rendered shared/_sections_nav.html.erb (0.9ms)
  Rendered shared/_search_modal.html.erb (0.5ms)
  Rendered shared/_main_content.html.erb (0.4ms)
  Rendered static_pages/index.html.erb within layouts/application (32.0ms)
Completed 200 OK in 817ms (Views: 810.1ms | ActiveRecord: 0.0ms)


Started GET "/assets/components/dropdown.self-815016af6fab1d5b72abd319213bf62f0c42bab2c585d2e059543ae704a0d74c.js?body=1" for ::1 at 2018-05-08 09:29:11 -0400
Started GET "/assets/components/modal.self-52188644dbb47def5ee35ae02e69eb567ca9b664472357a8a5789dd39032a265.js?body=1" for ::1 at 2018-05-08 09:29:11 -0400
Started GET "/assets/components/sidebar.self-2a1277f850a6fa21e1a974ef5152f177ac05516477d5081d593bb137b3d6808b.js?body=1" for ::1 at 2018-05-08 09:29:11 -0400
Started GET "/assets/application.self-f571b9db02bf4ed04c38a6a29072ac382f7d4f47db1fab9817aeadb0d8665235.js?body=1" for ::1 at 2018-05-08 09:29:11 -0400
Started GET "/assets/application.self-b663423749731f7aefc12aab04903643ffbbfafb45fcfb66496adb852614caef.css?body=1" for ::1 at 2018-05-08 09:29:11 -0400
Started GET "/" for ::1 at 2018-11-19 11:25:01 -0800
DEPRECATION WARNING: ActiveRecord::Base.raise_in_transactional_callbacks= is deprecated, has no effect and will be removed without replacement. (called from block (3 levels) in <class:Railtie> at /usr/local/var/rbenv/versions/2.5.0/lib/ruby/gems/2.5.0/gems/activerecord-5.0.7/lib/active_record/railtie.rb:113)
Processing by StaticPagesController#index as HTML
  Rendering static_pages/index.html.erb within layouts/application
  Rendered shared/_main_nav.html.erb (0.4ms)
  Rendered shared/_masthead.html.erb (0.3ms)
  Rendered shared/_sections_nav.html.erb (0.2ms)
  Rendered shared/_search_modal.html.erb (0.2ms)
  Rendered shared/_main_content.html.erb (0.3ms)
  Rendered static_pages/index.html.erb within layouts/application (15.5ms)
Completed 200 OK in 840ms (Views: 837.6ms | ActiveRecord: 0.0ms)


Started GET "/assets/jquery.self-bd7ddd393353a8d2480a622e80342adf488fb6006d667e8b42e4c0073393abee.js?body=1" for ::1 at 2018-11-19 11:25:02 -0800
Started GET "/assets/application.self-b669685521e7bbb976dd44d1bb8734f919d93ea75f3749c1cd6eda4f2b563613.css?body=1" for ::1 at 2018-11-19 11:25:02 -0800
Started GET "/assets/components/dropdown.self-815016af6fab1d5b72abd319213bf62f0c42bab2c585d2e059543ae704a0d74c.js?body=1" for ::1 at 2018-11-19 11:25:02 -0800
Started GET "/assets/jquery_ujs.self-784a997f6726036b1993eb2217c9cb558e1cbb801c6da88105588c56f13b466a.js?body=1" for ::1 at 2018-11-19 11:25:02 -0800
Started GET "/assets/components/sidebar.self-2a1277f850a6fa21e1a974ef5152f177ac05516477d5081d593bb137b3d6808b.js?body=1" for ::1 at 2018-11-19 11:25:02 -0800
Started GET "/assets/components/modal.self-52188644dbb47def5ee35ae02e69eb567ca9b664472357a8a5789dd39032a265.js?body=1" for ::1 at 2018-11-19 11:25:02 -0800
Started GET "/assets/application.self-f571b9db02bf4ed04c38a6a29072ac382f7d4f47db1fab9817aeadb0d8665235.js?body=1" for ::1 at 2018-11-19 11:25:02 -0800
Started GET "/assets/application.self-b669685521e7bbb976dd44d1bb8734f919d93ea75f3749c1cd6eda4f2b563613.css?body=1&livereload=1542655902111" for ::1 at 2018-11-19 11:31:42 -0800
Started GET "/assets/application.self-b669685521e7bbb976dd44d1bb8734f919d93ea75f3749c1cd6eda4f2b563613.css?body=1&livereload=1542655902114" for ::1 at 2018-11-19 11:31:42 -0800
Started GET "/assets/application.self-b669685521e7bbb976dd44d1bb8734f919d93ea75f3749c1cd6eda4f2b563613.css?body=1&livereload=1542655920223" for ::1 at 2018-11-19 11:32:00 -0800
Started GET "/assets/application.self-b669685521e7bbb976dd44d1bb8734f919d93ea75f3749c1cd6eda4f2b563613.css?body=1&livereload=1542655920224" for ::1 at 2018-11-19 11:32:00 -0800
Started GET "/assets/application.self-b669685521e7bbb976dd44d1bb8734f919d93ea75f3749c1cd6eda4f2b563613.css?body=1&livereload=1542655925443" for ::1 at 2018-11-19 11:32:05 -0800
Started GET "/assets/application.self-b669685521e7bbb976dd44d1bb8734f919d93ea75f3749c1cd6eda4f2b563613.css?body=1&livereload=1542655925441" for ::1 at 2018-11-19 11:32:05 -0800
Started GET "/assets/application.self-b669685521e7bbb976dd44d1bb8734f919d93ea75f3749c1cd6eda4f2b563613.css?body=1&livereload=1542655951961" for ::1 at 2018-11-19 11:32:31 -0800
Started GET "/assets/application.self-b669685521e7bbb976dd44d1bb8734f919d93ea75f3749c1cd6eda4f2b563613.css?body=1&livereload=1542655951962" for ::1 at 2018-11-19 11:32:31 -0800
Started GET "/assets/application.self-b669685521e7bbb976dd44d1bb8734f919d93ea75f3749c1cd6eda4f2b563613.css?body=1&livereload=1542655985793" for ::1 at 2018-11-19 11:33:05 -0800
Started GET "/assets/application.self-b669685521e7bbb976dd44d1bb8734f919d93ea75f3749c1cd6eda4f2b563613.css?body=1&livereload=1542655985794" for ::1 at 2018-11-19 11:33:05 -0800
Started GET "/assets/application.self-b669685521e7bbb976dd44d1bb8734f919d93ea75f3749c1cd6eda4f2b563613.css?body=1&livereload=1542656007000" for ::1 at 2018-11-19 11:33:27 -0800
Started GET "/assets/application.self-b669685521e7bbb976dd44d1bb8734f919d93ea75f3749c1cd6eda4f2b563613.css?body=1&livereload=1542656007001" for ::1 at 2018-11-19 11:33:27 -0800
Started GET "/" for ::1 at 2018-11-19 11:33:31 -0800
Processing by StaticPagesController#index as HTML
  Rendering static_pages/index.html.erb within layouts/application
  Rendered shared/_main_nav.html.erb (0.4ms)
  Rendered shared/_masthead.html.erb (0.2ms)
  Rendered shared/_sections_nav.html.erb (0.2ms)
  Rendered shared/_search_modal.html.erb (0.3ms)
  Rendered shared/_main_content.html.erb (0.2ms)
  Rendered static_pages/index.html.erb within layouts/application (12.2ms)
Completed 200 OK in 153ms (Views: 91.7ms | ActiveRecord: 0.0ms)


Started GET "/assets/application.self-9da0aa1b727b9442c83255c76b0dedf3b22b5ef2a0baeb13c1cbdedaeb0f0597.css?body=1" for ::1 at 2018-11-19 11:33:31 -0800
Started GET "/assets/application.self-9da0aa1b727b9442c83255c76b0dedf3b22b5ef2a0baeb13c1cbdedaeb0f0597.css?body=1&livereload=1542656184710" for ::1 at 2018-11-19 11:36:24 -0800
Started GET "/assets/application.self-9da0aa1b727b9442c83255c76b0dedf3b22b5ef2a0baeb13c1cbdedaeb0f0597.css?body=1&livereload=1542656184711" for ::1 at 2018-11-19 11:36:24 -0800
Started GET "/" for ::1 at 2018-11-19 11:36:25 -0800
Processing by StaticPagesController#index as HTML
  Rendering static_pages/index.html.erb within layouts/application
  Rendered shared/_main_nav.html.erb (0.2ms)
  Rendered shared/_masthead.html.erb (0.3ms)
  Rendered shared/_sections_nav.html.erb (0.3ms)
  Rendered shared/_search_modal.html.erb (0.4ms)
  Rendered shared/_main_content.html.erb (0.4ms)
  Rendered static_pages/index.html.erb within layouts/application (14.0ms)
Completed 200 OK in 96ms (Views: 91.7ms | ActiveRecord: 0.0ms)


Started GET "/assets/application.self-e6b560ae0ec39f4a9e013ce1e501db6475437cc1d2b66fc59267715e52cdff74.css?body=1" for ::1 at 2018-11-19 11:36:25 -0800
Started GET "/assets/application.self-e6b560ae0ec39f4a9e013ce1e501db6475437cc1d2b66fc59267715e52cdff74.css?body=1&livereload=1542656197066" for ::1 at 2018-11-19 11:36:37 -0800
Started GET "/assets/application.self-e6b560ae0ec39f4a9e013ce1e501db6475437cc1d2b66fc59267715e52cdff74.css?body=1&livereload=1542656197067" for ::1 at 2018-11-19 11:36:37 -0800
Started GET "/assets/application.self-e6b560ae0ec39f4a9e013ce1e501db6475437cc1d2b66fc59267715e52cdff74.css?body=1&livereload=1542656232703" for ::1 at 2018-11-19 11:37:12 -0800
Started GET "/assets/application.self-e6b560ae0ec39f4a9e013ce1e501db6475437cc1d2b66fc59267715e52cdff74.css?body=1&livereload=1542656232704" for ::1 at 2018-11-19 11:37:12 -0800
Started GET "/assets/application.self-e6b560ae0ec39f4a9e013ce1e501db6475437cc1d2b66fc59267715e52cdff74.css?body=1&livereload=1542656290692" for ::1 at 2018-11-19 11:38:10 -0800
Started GET "/assets/application.self-e6b560ae0ec39f4a9e013ce1e501db6475437cc1d2b66fc59267715e52cdff74.css?body=1&livereload=1542656290692&livereload=1542656290692" for ::1 at 2018-11-19 11:38:10 -0800
Started GET "/" for ::1 at 2018-11-19 11:43:13 -0800
Processing by StaticPagesController#index as HTML
  Rendering static_pages/index.html.erb within layouts/application
  Rendered shared/_main_nav.html.erb (0.6ms)
  Rendered shared/_masthead.html.erb (1.4ms)
  Rendered shared/_sections_nav.html.erb (0.6ms)
  Rendered shared/_search_modal.html.erb (0.4ms)
  Rendered shared/_main_content.html.erb (0.8ms)
  Rendered static_pages/index.html.erb within layouts/application (23.6ms)
Completed 200 OK in 172ms (Views: 149.5ms | ActiveRecord: 0.0ms)


Started GET "/assets/application.self-9ea9ca2a013ae0538ef6c21221958ca94ada997d1203285b8c78326c35d730d3.css?body=1" for ::1 at 2018-11-19 11:43:13 -0800
Started GET "/" for ::1 at 2018-11-19 11:43:40 -0800
Processing by StaticPagesController#index as HTML
  Rendering static_pages/index.html.erb within layouts/application
  Rendered shared/_main_nav.html.erb (0.5ms)
  Rendered shared/_masthead.html.erb (0.5ms)
  Rendered shared/_sections_nav.html.erb (1.0ms)
  Rendered shared/_search_modal.html.erb (1.5ms)
  Rendered shared/_main_content.html.erb (0.7ms)
  Rendered static_pages/index.html.erb within layouts/application (18.9ms)
Completed 200 OK in 58ms (Views: 54.7ms | ActiveRecord: 0.0ms)


Started GET "/" for ::1 at 2018-11-19 11:43:59 -0800
Processing by StaticPagesController#index as HTML
  Rendering static_pages/index.html.erb within layouts/application
  Rendered shared/_main_nav.html.erb (0.6ms)
  Rendered shared/_masthead.html.erb (0.5ms)
  Rendered shared/_sections_nav.html.erb (0.5ms)
  Rendered shared/_search_modal.html.erb (0.3ms)
  Rendered shared/_main_content.html.erb (0.5ms)
  Rendered static_pages/index.html.erb within layouts/application (19.7ms)
Completed 200 OK in 59ms (Views: 54.1ms | ActiveRecord: 0.0ms)


Started GET "/" for ::1 at 2018-11-19 11:46:01 -0800
Processing by StaticPagesController#index as HTML
  Rendering static_pages/index.html.erb within layouts/application
  Rendered shared/_main_nav.html.erb (0.7ms)
  Rendered shared/_masthead.html.erb (0.5ms)
  Rendered shared/_sections_nav.html.erb (0.7ms)
  Rendered shared/_search_modal.html.erb (0.6ms)
  Rendered shared/_main_content.html.erb (0.4ms)
  Rendered static_pages/index.html.erb within layouts/application (20.3ms)
Completed 200 OK in 168ms (Views: 151.2ms | ActiveRecord: 0.0ms)


Started GET "/" for ::1 at 2018-11-19 11:49:08 -0800
Processing by StaticPagesController#index as HTML
  Rendering static_pages/index.html.erb within layouts/application
  Rendered shared/_main_nav.html.erb (0.8ms)
  Rendered shared/_masthead.html.erb (0.3ms)
  Rendered shared/_sections_nav.html.erb (0.3ms)
  Rendered shared/_search_modal.html.erb (0.6ms)
  Rendered shared/_main_content.html.erb (0.6ms)
  Rendered static_pages/index.html.erb within layouts/application (18.7ms)
Completed 200 OK in 159ms (Views: 141.1ms | ActiveRecord: 0.0ms)


Started GET "/" for ::1 at 2018-11-19 11:49:21 -0800
Processing by StaticPagesController#index as HTML
  Rendering static_pages/index.html.erb within layouts/application
  Rendered shared/_main_nav.html.erb (1.1ms)
  Rendered shared/_masthead.html.erb (0.5ms)
  Rendered shared/_sections_nav.html.erb (1.3ms)
  Rendered shared/_search_modal.html.erb (1.0ms)
  Rendered shared/_main_content.html.erb (0.7ms)
  Rendered static_pages/index.html.erb within layouts/application (23.3ms)
Completed 200 OK in 181ms (Views: 176.8ms | ActiveRecord: 0.0ms)


Started GET "/assets/application.self-9ea9ca2a013ae0538ef6c21221958ca94ada997d1203285b8c78326c35d730d3.css?body=1&livereload=1542657092675" for ::1 at 2018-11-19 11:51:32 -0800
Started GET "/assets/application.self-9ea9ca2a013ae0538ef6c21221958ca94ada997d1203285b8c78326c35d730d3.css?body=1&livereload=1542657092674" for ::1 at 2018-11-19 11:51:32 -0800
Started GET "/assets/application.self-9ea9ca2a013ae0538ef6c21221958ca94ada997d1203285b8c78326c35d730d3.css?body=1&livereload=1542657102423" for ::1 at 2018-11-19 11:51:42 -0800
Started GET "/assets/application.self-9ea9ca2a013ae0538ef6c21221958ca94ada997d1203285b8c78326c35d730d3.css?body=1&livereload=1542657102425" for ::1 at 2018-11-19 11:51:42 -0800
Started GET "/assets/application.self-9ea9ca2a013ae0538ef6c21221958ca94ada997d1203285b8c78326c35d730d3.css?body=1&livereload=1542657116638" for ::1 at 2018-11-19 11:51:56 -0800
Started GET "/assets/application.self-9ea9ca2a013ae0538ef6c21221958ca94ada997d1203285b8c78326c35d730d3.css?body=1&livereload=1542657116639" for ::1 at 2018-11-19 11:51:56 -0800
Started GET "/assets/application.self-9ea9ca2a013ae0538ef6c21221958ca94ada997d1203285b8c78326c35d730d3.css?body=1&livereload=1542657133699" for ::1 at 2018-11-19 11:52:13 -0800
Started GET "/assets/application.self-9ea9ca2a013ae0538ef6c21221958ca94ada997d1203285b8c78326c35d730d3.css?body=1&livereload=1542657133700" for ::1 at 2018-11-19 11:52:13 -0800
Started GET "/assets/application.self-9ea9ca2a013ae0538ef6c21221958ca94ada997d1203285b8c78326c35d730d3.css?body=1&livereload=1542657168222" for ::1 at 2018-11-19 11:52:48 -0800
Started GET "/assets/application.self-9ea9ca2a013ae0538ef6c21221958ca94ada997d1203285b8c78326c35d730d3.css?body=1&livereload=1542657168223" for ::1 at 2018-11-19 11:52:48 -0800
Started GET "/assets/application.self-9ea9ca2a013ae0538ef6c21221958ca94ada997d1203285b8c78326c35d730d3.css?body=1&livereload=1542657171192&livereload=1542657171192" for ::1 at 2018-11-19 11:52:51 -0800
Started GET "/assets/application.self-9ea9ca2a013ae0538ef6c21221958ca94ada997d1203285b8c78326c35d730d3.css?body=1&livereload=1542657171192" for ::1 at 2018-11-19 11:52:51 -0800
Started GET "/assets/application.self-9ea9ca2a013ae0538ef6c21221958ca94ada997d1203285b8c78326c35d730d3.css?body=1&livereload=1542657287449&livereload=1542657171192" for ::1 at 2018-11-19 11:54:47 -0800
Started GET "/assets/application.self-9ea9ca2a013ae0538ef6c21221958ca94ada997d1203285b8c78326c35d730d3.css?body=1&livereload=1542657287451&livereload=1542657171192" for ::1 at 2018-11-19 11:54:47 -0800
Started GET "/assets/application.self-9ea9ca2a013ae0538ef6c21221958ca94ada997d1203285b8c78326c35d730d3.css?body=1&livereload=1542657297010&livereload=1542657171192" for ::1 at 2018-11-19 11:54:57 -0800
Started GET "/assets/application.self-9ea9ca2a013ae0538ef6c21221958ca94ada997d1203285b8c78326c35d730d3.css?body=1&livereload=1542657297007&livereload=1542657171192" for ::1 at 2018-11-19 11:54:57 -0800
Started GET "/" for ::1 at 2018-11-19 11:54:57 -0800
Processing by StaticPagesController#index as HTML
  Rendering static_pages/index.html.erb within layouts/application
  Rendered shared/_main_nav.html.erb (0.7ms)
  Rendered shared/_masthead.html.erb (0.6ms)
  Rendered shared/_sections_nav.html.erb (0.5ms)
  Rendered shared/_search_modal.html.erb (0.4ms)
  Rendered shared/_main_content.html.erb (0.5ms)
  Rendered static_pages/index.html.erb within layouts/application (28.3ms)
Completed 200 OK in 189ms (Views: 173.5ms | ActiveRecord: 0.0ms)


Started GET "/assets/application.self-017b983740ef4b48195ef6c780f0b407aa569ce71ee90e9612e5f1b9b1922df8.css?body=1" for ::1 at 2018-11-19 11:54:58 -0800
Started GET "/assets/application.self-017b983740ef4b48195ef6c780f0b407aa569ce71ee90e9612e5f1b9b1922df8.css?body=1&livereload=1542657306363" for ::1 at 2018-11-19 11:55:06 -0800
Started GET "/assets/application.self-017b983740ef4b48195ef6c780f0b407aa569ce71ee90e9612e5f1b9b1922df8.css?body=1&livereload=1542657306365" for ::1 at 2018-11-19 11:55:06 -0800
Started GET "/" for ::1 at 2018-11-19 11:55:06 -0800
Processing by StaticPagesController#index as HTML
  Rendering static_pages/index.html.erb within layouts/application
  Rendered shared/_main_nav.html.erb (0.4ms)
  Rendered shared/_masthead.html.erb (0.4ms)
  Rendered shared/_sections_nav.html.erb (0.4ms)
  Rendered shared/_search_modal.html.erb (0.5ms)
  Rendered shared/_main_content.html.erb (0.3ms)
  Rendered static_pages/index.html.erb within layouts/application (16.8ms)
Completed 200 OK in 53ms (Views: 50.2ms | ActiveRecord: 0.0ms)


Started GET "/assets/application.self-26ee59005812c08c5dc2f6170c52fc255243e4f794a32c036e0138a61fee18aa.css?body=1" for ::1 at 2018-11-19 11:55:07 -0800
Started GET "/assets/application.self-26ee59005812c08c5dc2f6170c52fc255243e4f794a32c036e0138a61fee18aa.css?body=1&livereload=1542657311178" for ::1 at 2018-11-19 11:55:11 -0800
Started GET "/assets/application.self-26ee59005812c08c5dc2f6170c52fc255243e4f794a32c036e0138a61fee18aa.css?body=1&livereload=1542657311180" for ::1 at 2018-11-19 11:55:11 -0800
Started GET "/" for ::1 at 2018-11-19 11:55:12 -0800
Processing by StaticPagesController#index as HTML
  Rendering static_pages/index.html.erb within layouts/application
  Rendered shared/_main_nav.html.erb (0.3ms)
  Rendered shared/_masthead.html.erb (0.4ms)
  Rendered shared/_sections_nav.html.erb (0.5ms)
  Rendered shared/_search_modal.html.erb (0.6ms)
  Rendered shared/_main_content.html.erb (0.5ms)
  Rendered static_pages/index.html.erb within layouts/application (15.8ms)
Completed 200 OK in 45ms (Views: 41.5ms | ActiveRecord: 0.0ms)


Started GET "/assets/application.self-017b983740ef4b48195ef6c780f0b407aa569ce71ee90e9612e5f1b9b1922df8.css?body=1&livereload=1542657659294" for ::1 at 2018-11-19 12:00:59 -0800
Started GET "/assets/application.self-017b983740ef4b48195ef6c780f0b407aa569ce71ee90e9612e5f1b9b1922df8.css?body=1&livereload=1542657659295" for ::1 at 2018-11-19 12:00:59 -0800
Started GET "/assets/application.self-017b983740ef4b48195ef6c780f0b407aa569ce71ee90e9612e5f1b9b1922df8.css?body=1&livereload=1542657707124" for ::1 at 2018-11-19 12:01:47 -0800
Started GET "/assets/application.self-017b983740ef4b48195ef6c780f0b407aa569ce71ee90e9612e5f1b9b1922df8.css?body=1&livereload=1542657707123" for ::1 at 2018-11-19 12:01:47 -0800
Started GET "/" for ::1 at 2018-11-19 12:01:50 -0800
Processing by StaticPagesController#index as HTML
  Rendering static_pages/index.html.erb within layouts/application
  Rendered shared/_main_nav.html.erb (1.2ms)
  Rendered shared/_masthead.html.erb (0.3ms)
  Rendered shared/_sections_nav.html.erb (0.4ms)
  Rendered shared/_search_modal.html.erb (0.4ms)
  Rendered shared/_main_content.html.erb (0.3ms)
  Rendered static_pages/index.html.erb within layouts/application (19.5ms)
Completed 200 OK in 201ms (Views: 151.1ms | ActiveRecord: 0.0ms)


Started GET "/assets/application.self-ddf13ae1db41d70752b871a2b8b98e5458a826d40faaceeabc242b061ca209d6.css?body=1" for ::1 at 2018-11-19 12:01:51 -0800
Started GET "/assets/application.self-ddf13ae1db41d70752b871a2b8b98e5458a826d40faaceeabc242b061ca209d6.css?body=1&livereload=1542657781605" for ::1 at 2018-11-19 12:03:01 -0800
Started GET "/assets/application.self-ddf13ae1db41d70752b871a2b8b98e5458a826d40faaceeabc242b061ca209d6.css?body=1&livereload=1542657781606" for ::1 at 2018-11-19 12:03:01 -0800
Started GET "/" for ::1 at 2018-11-19 12:03:02 -0800
Processing by StaticPagesController#index as HTML
  Rendering static_pages/index.html.erb within layouts/application
  Rendered shared/_main_nav.html.erb (0.7ms)
  Rendered shared/_masthead.html.erb (0.5ms)
  Rendered shared/_sections_nav.html.erb (0.4ms)
  Rendered shared/_search_modal.html.erb (0.5ms)
  Rendered shared/_main_content.html.erb (0.3ms)
  Rendered static_pages/index.html.erb within layouts/application (18.0ms)
Completed 200 OK in 63ms (Views: 59.2ms | ActiveRecord: 0.0ms)


Started GET "/assets/application.self-47192793dbff79790ba21ef768a44556efe11084268e5fc39934f442595c9b98.css?body=1" for ::1 at 2018-11-19 12:03:03 -0800
Started GET "/" for ::1 at 2018-11-19 12:03:09 -0800
Processing by StaticPagesController#index as HTML
  Rendering static_pages/index.html.erb within layouts/application
  Rendered shared/_main_nav.html.erb (0.4ms)
  Rendered shared/_masthead.html.erb (0.4ms)
  Rendered shared/_sections_nav.html.erb (0.6ms)
  Rendered shared/_search_modal.html.erb (0.3ms)
  Rendered shared/_main_content.html.erb (0.4ms)
  Rendered static_pages/index.html.erb within layouts/application (19.8ms)
Completed 200 OK in 54ms (Views: 47.8ms | ActiveRecord: 0.0ms)


Started GET "/assets/application.self-47192793dbff79790ba21ef768a44556efe11084268e5fc39934f442595c9b98.css?body=1&livereload=1542657911803" for ::1 at 2018-11-19 12:05:11 -0800
Started GET "/assets/application.self-47192793dbff79790ba21ef768a44556efe11084268e5fc39934f442595c9b98.css?body=1&livereload=1542657911806" for ::1 at 2018-11-19 12:05:11 -0800
Started GET "/assets/application.self-47192793dbff79790ba21ef768a44556efe11084268e5fc39934f442595c9b98.css?body=1&livereload=1542657915525" for ::1 at 2018-11-19 12:05:15 -0800
Started GET "/assets/application.self-47192793dbff79790ba21ef768a44556efe11084268e5fc39934f442595c9b98.css?body=1&livereload=1542657915527" for ::1 at 2018-11-19 12:05:15 -0800
Started GET "/assets/application.self-47192793dbff79790ba21ef768a44556efe11084268e5fc39934f442595c9b98.css?body=1&livereload=1542657931569" for ::1 at 2018-11-19 12:05:31 -0800
Started GET "/assets/application.self-47192793dbff79790ba21ef768a44556efe11084268e5fc39934f442595c9b98.css?body=1&livereload=1542657931571" for ::1 at 2018-11-19 12:05:31 -0800
Started GET "/assets/application.self-47192793dbff79790ba21ef768a44556efe11084268e5fc39934f442595c9b98.css?body=1&livereload=1542657959379" for ::1 at 2018-11-19 12:05:59 -0800
Started GET "/assets/application.self-47192793dbff79790ba21ef768a44556efe11084268e5fc39934f442595c9b98.css?body=1&livereload=1542657959414" for ::1 at 2018-11-19 12:05:59 -0800
Started GET "/assets/application.self-47192793dbff79790ba21ef768a44556efe11084268e5fc39934f442595c9b98.css?body=1&livereload=1542657963847" for ::1 at 2018-11-19 12:06:03 -0800
Started GET "/assets/application.self-47192793dbff79790ba21ef768a44556efe11084268e5fc39934f442595c9b98.css?body=1&livereload=1542657963848" for ::1 at 2018-11-19 12:06:03 -0800
Started GET "/" for ::1 at 2018-11-19 12:06:04 -0800
Processing by StaticPagesController#index as HTML
  Rendering static_pages/index.html.erb within layouts/application
  Rendered shared/_main_nav.html.erb (0.8ms)
  Rendered shared/_masthead.html.erb (0.6ms)
  Rendered shared/_sections_nav.html.erb (0.5ms)
  Rendered shared/_search_modal.html.erb (0.4ms)
  Rendered shared/_main_content.html.erb (0.4ms)
  Rendered static_pages/index.html.erb within layouts/application (22.5ms)
Completed 200 OK in 212ms (Views: 194.7ms | ActiveRecord: 0.0ms)


Started GET "/assets/application.self-84ef3079017f3f5e987ed2028d7fd39375a75c839b0315b9dc6487d28be290a6.css?body=1" for ::1 at 2018-11-19 12:06:05 -0800
Started GET "/assets/application.self-84ef3079017f3f5e987ed2028d7fd39375a75c839b0315b9dc6487d28be290a6.css?body=1&livereload=1542657973472" for ::1 at 2018-11-19 12:06:13 -0800
Started GET "/assets/application.self-84ef3079017f3f5e987ed2028d7fd39375a75c839b0315b9dc6487d28be290a6.css?body=1&livereload=1542657973475" for ::1 at 2018-11-19 12:06:13 -0800
Started GET "/assets/application.self-84ef3079017f3f5e987ed2028d7fd39375a75c839b0315b9dc6487d28be290a6.css?body=1&livereload=1542657994359" for ::1 at 2018-11-19 12:06:34 -0800
Started GET "/assets/application.self-84ef3079017f3f5e987ed2028d7fd39375a75c839b0315b9dc6487d28be290a6.css?body=1&livereload=1542657994360" for ::1 at 2018-11-19 12:06:34 -0800
Started GET "/assets/application.self-84ef3079017f3f5e987ed2028d7fd39375a75c839b0315b9dc6487d28be290a6.css?body=1&livereload=1542657997062" for ::1 at 2018-11-19 12:06:37 -0800
Started GET "/assets/application.self-84ef3079017f3f5e987ed2028d7fd39375a75c839b0315b9dc6487d28be290a6.css?body=1&livereload=1542657997061" for ::1 at 2018-11-19 12:06:37 -0800
Started GET "/assets/application.self-84ef3079017f3f5e987ed2028d7fd39375a75c839b0315b9dc6487d28be290a6.css?body=1&livereload=1542658002572" for ::1 at 2018-11-19 12:06:42 -0800
Started GET "/assets/application.self-84ef3079017f3f5e987ed2028d7fd39375a75c839b0315b9dc6487d28be290a6.css?body=1&livereload=1542658002574" for ::1 at 2018-11-19 12:06:42 -0800
Started GET "/assets/application.self-84ef3079017f3f5e987ed2028d7fd39375a75c839b0315b9dc6487d28be290a6.css?body=1&livereload=1542658037308" for ::1 at 2018-11-19 12:07:17 -0800
Started GET "/assets/application.self-84ef3079017f3f5e987ed2028d7fd39375a75c839b0315b9dc6487d28be290a6.css?body=1&livereload=1542658037307" for ::1 at 2018-11-19 12:07:17 -0800
Started GET "/assets/application.self-84ef3079017f3f5e987ed2028d7fd39375a75c839b0315b9dc6487d28be290a6.css?body=1&livereload=1542658039737" for ::1 at 2018-11-19 12:07:19 -0800
Started GET "/assets/application.self-84ef3079017f3f5e987ed2028d7fd39375a75c839b0315b9dc6487d28be290a6.css?body=1&livereload=1542658039739" for ::1 at 2018-11-19 12:07:19 -0800
Started GET "/" for ::1 at 2018-11-19 12:07:21 -0800
Processing by StaticPagesController#index as HTML
  Rendering static_pages/index.html.erb within layouts/application
  Rendered shared/_main_nav.html.erb (0.5ms)
  Rendered shared/_masthead.html.erb (0.5ms)
  Rendered shared/_sections_nav.html.erb (0.8ms)
  Rendered shared/_search_modal.html.erb (2.1ms)
  Rendered shared/_main_content.html.erb (0.5ms)
  Rendered static_pages/index.html.erb within layouts/application (21.6ms)
Completed 500 Internal Server Error in 76ms (ActiveRecord: 0.0ms)



Sass::SyntaxError - Invalid CSS after "	// text-align:": expected expression (e.g. 1px, bold), was "}":
  app/views/layouts/application.html.erb:7:in `_app_views_layouts_application_html_erb___618667607060043043_70295911512880'

Started POST "/__better_errors/c0368772a67b9554/variables" for ::1 at 2018-11-19 12:07:22 -0800
Started GET "/" for ::1 at 2018-11-19 12:07:30 -0800
Processing by StaticPagesController#index as HTML
  Rendering static_pages/index.html.erb within layouts/application
  Rendered shared/_main_nav.html.erb (0.4ms)
  Rendered shared/_masthead.html.erb (0.3ms)
  Rendered shared/_sections_nav.html.erb (0.7ms)
  Rendered shared/_search_modal.html.erb (0.5ms)
  Rendered shared/_main_content.html.erb (0.5ms)
  Rendered static_pages/index.html.erb within layouts/application (16.2ms)
Completed 500 Internal Server Error in 54ms (ActiveRecord: 0.0ms)



Sass::SyntaxError - Invalid CSS after "	// text-align:": expected expression (e.g. 1px, bold), was "}":
  app/views/layouts/application.html.erb:7:in `_app_views_layouts_application_html_erb___618667607060043043_70295930360540'

Started POST "/__better_errors/d539f7123854018e/variables" for ::1 at 2018-11-19 12:07:30 -0800
Started GET "/" for ::1 at 2018-11-19 12:07:47 -0800
Processing by StaticPagesController#index as HTML
  Rendering static_pages/index.html.erb within layouts/application
  Rendered shared/_main_nav.html.erb (0.7ms)
  Rendered shared/_masthead.html.erb (0.5ms)
  Rendered shared/_sections_nav.html.erb (0.5ms)
  Rendered shared/_search_modal.html.erb (0.6ms)
  Rendered shared/_main_content.html.erb (1.8ms)
  Rendered static_pages/index.html.erb within layouts/application (44.0ms)
Completed 200 OK in 228ms (Views: 224.4ms | ActiveRecord: 0.0ms)


Started GET "/assets/application.self-042866f333cca8d54364793ed89da575091ad632da69fe6fb161305d9663e868.css?body=1" for ::1 at 2018-11-19 12:07:48 -0800
Started GET "/assets/application.self-042866f333cca8d54364793ed89da575091ad632da69fe6fb161305d9663e868.css?body=1&livereload=1542658086160" for ::1 at 2018-11-19 12:08:06 -0800
Started GET "/assets/application.self-042866f333cca8d54364793ed89da575091ad632da69fe6fb161305d9663e868.css?body=1&livereload=1542658086165" for ::1 at 2018-11-19 12:08:06 -0800
Started GET "/" for ::1 at 2018-11-19 12:08:08 -0800
Processing by StaticPagesController#index as HTML
  Rendering static_pages/index.html.erb within layouts/application
  Rendered shared/_main_nav.html.erb (0.4ms)
  Rendered shared/_masthead.html.erb (0.3ms)
  Rendered shared/_sections_nav.html.erb (0.3ms)
  Rendered shared/_search_modal.html.erb (0.5ms)
  Rendered shared/_main_content.html.erb (0.4ms)
  Rendered static_pages/index.html.erb within layouts/application (16.6ms)
Completed 200 OK in 114ms (Views: 72.8ms | ActiveRecord: 0.0ms)


Started GET "/assets/application.self-eb26459882796ff63b85a7be0167b96c8c6ea51325c6070d767cb0dc1b365c67.css?body=1" for ::1 at 2018-11-19 12:08:08 -0800
Started GET "/" for ::1 at 2018-11-19 12:12:34 -0800
Processing by StaticPagesController#index as HTML
  Rendering static_pages/index.html.erb within layouts/application
  Rendered shared/_main_nav.html.erb (0.7ms)
  Rendered shared/_masthead.html.erb (0.7ms)
  Rendered shared/_sections_nav.html.erb (0.6ms)
  Rendered shared/_search_modal.html.erb (1.0ms)
  Rendered shared/_main_content.html.erb (8.7ms)
  Rendered static_pages/index.html.erb within layouts/application (45.1ms)
Completed 200 OK in 396ms (Views: 332.0ms | ActiveRecord: 0.0ms)


Started GET "/" for ::1 at 2018-11-19 12:12:34 -0800
Processing by StaticPagesController#index as HTML
  Rendering static_pages/index.html.erb within layouts/application
  Rendered shared/_main_nav.html.erb (0.6ms)
  Rendered shared/_masthead.html.erb (0.7ms)
  Rendered shared/_sections_nav.html.erb (0.6ms)
  Rendered shared/_search_modal.html.erb (0.7ms)
  Rendered shared/_main_content.html.erb (0.5ms)
  Rendered static_pages/index.html.erb within layouts/application (34.8ms)
Completed 200 OK in 143ms (Views: 112.6ms | ActiveRecord: 0.0ms)


Started GET "/" for ::1 at 2018-11-19 12:13:06 -0800
Processing by StaticPagesController#index as HTML
  Rendering static_pages/index.html.erb within layouts/application
  Rendered shared/_main_nav.html.erb (0.6ms)
  Rendered shared/_masthead.html.erb (0.6ms)
  Rendered shared/_sections_nav.html.erb (0.4ms)
  Rendered shared/_search_modal.html.erb (0.6ms)
  Rendered shared/_main_content.html.erb (0.6ms)
  Rendered static_pages/index.html.erb within layouts/application (23.7ms)
Completed 200 OK in 71ms (Views: 66.9ms | ActiveRecord: 0.0ms)


Started GET "/assets/application.self-eb26459882796ff63b85a7be0167b96c8c6ea51325c6070d767cb0dc1b365c67.css?body=1&livereload=1542658513146" for ::1 at 2018-11-19 12:15:13 -0800
Started GET "/assets/application.self-eb26459882796ff63b85a7be0167b96c8c6ea51325c6070d767cb0dc1b365c67.css?body=1&livereload=1542658513152" for ::1 at 2018-11-19 12:15:13 -0800
Started GET "/assets/application.self-eb26459882796ff63b85a7be0167b96c8c6ea51325c6070d767cb0dc1b365c67.css?body=1&livereload=1542658552312" for ::1 at 2018-11-19 12:15:52 -0800
Started GET "/assets/application.self-eb26459882796ff63b85a7be0167b96c8c6ea51325c6070d767cb0dc1b365c67.css?body=1&livereload=1542658552315" for ::1 at 2018-11-19 12:15:52 -0800
Started GET "/assets/application.self-eb26459882796ff63b85a7be0167b96c8c6ea51325c6070d767cb0dc1b365c67.css?body=1&livereload=1542658562682" for ::1 at 2018-11-19 12:16:02 -0800
Started GET "/assets/application.self-eb26459882796ff63b85a7be0167b96c8c6ea51325c6070d767cb0dc1b365c67.css?body=1&livereload=1542658562681" for ::1 at 2018-11-19 12:16:02 -0800
Started GET "/assets/application.self-eb26459882796ff63b85a7be0167b96c8c6ea51325c6070d767cb0dc1b365c67.css?body=1&livereload=1542658571107" for ::1 at 2018-11-19 12:16:11 -0800
Started GET "/assets/application.self-eb26459882796ff63b85a7be0167b96c8c6ea51325c6070d767cb0dc1b365c67.css?body=1&livereload=1542658571110" for ::1 at 2018-11-19 12:16:11 -0800
Started GET "/assets/application.self-eb26459882796ff63b85a7be0167b96c8c6ea51325c6070d767cb0dc1b365c67.css?body=1&livereload=1542658586235" for ::1 at 2018-11-19 12:16:26 -0800
Started GET "/assets/application.self-eb26459882796ff63b85a7be0167b96c8c6ea51325c6070d767cb0dc1b365c67.css?body=1&livereload=1542658586236" for ::1 at 2018-11-19 12:16:26 -0800
Started GET "/assets/application.self-eb26459882796ff63b85a7be0167b96c8c6ea51325c6070d767cb0dc1b365c67.css?body=1&livereload=1542658615024" for ::1 at 2018-11-19 12:16:55 -0800
Started GET "/assets/application.self-eb26459882796ff63b85a7be0167b96c8c6ea51325c6070d767cb0dc1b365c67.css?body=1&livereload=1542658615023" for ::1 at 2018-11-19 12:16:55 -0800
Started GET "/assets/application.self-eb26459882796ff63b85a7be0167b96c8c6ea51325c6070d767cb0dc1b365c67.css?body=1&livereload=1542658645142" for ::1 at 2018-11-19 12:17:25 -0800
Started GET "/assets/application.self-eb26459882796ff63b85a7be0167b96c8c6ea51325c6070d767cb0dc1b365c67.css?body=1&livereload=1542658645143" for ::1 at 2018-11-19 12:17:25 -0800
Started GET "/assets/application.self-eb26459882796ff63b85a7be0167b96c8c6ea51325c6070d767cb0dc1b365c67.css?body=1&livereload=1542658708510" for ::1 at 2018-11-19 12:18:28 -0800
Started GET "/assets/application.self-eb26459882796ff63b85a7be0167b96c8c6ea51325c6070d767cb0dc1b365c67.css?body=1&livereload=1542658708512" for ::1 at 2018-11-19 12:18:28 -0800
Started GET "/assets/application.self-eb26459882796ff63b85a7be0167b96c8c6ea51325c6070d767cb0dc1b365c67.css?body=1&livereload=1542658739205" for ::1 at 2018-11-19 12:18:59 -0800
Started GET "/assets/application.self-eb26459882796ff63b85a7be0167b96c8c6ea51325c6070d767cb0dc1b365c67.css?body=1&livereload=1542658739206" for ::1 at 2018-11-19 12:18:59 -0800
Started GET "/assets/application.self-eb26459882796ff63b85a7be0167b96c8c6ea51325c6070d767cb0dc1b365c67.css?body=1&livereload=1542658770414" for ::1 at 2018-11-19 12:19:30 -0800
Started GET "/assets/application.self-eb26459882796ff63b85a7be0167b96c8c6ea51325c6070d767cb0dc1b365c67.css?body=1&livereload=1542658770414&livereload=1542658770414" for ::1 at 2018-11-19 12:19:30 -0800
Started GET "/assets/application.self-eb26459882796ff63b85a7be0167b96c8c6ea51325c6070d767cb0dc1b365c67.css?body=1&livereload=1542666472995&livereload=1542658770414" for ::1 at 2018-11-19 14:27:53 -0800
Started GET "/assets/application.self-eb26459882796ff63b85a7be0167b96c8c6ea51325c6070d767cb0dc1b365c67.css?body=1&livereload=1542666473005&livereload=1542658770414" for ::1 at 2018-11-19 14:27:53 -0800
Started GET "/" for ::1 at 2018-11-19 14:27:55 -0800
Processing by StaticPagesController#index as HTML
  Rendering static_pages/index.html.erb within layouts/application
  Rendered shared/_main_nav.html.erb (0.8ms)
  Rendered shared/_masthead.html.erb (0.9ms)
  Rendered shared/_sections_nav.html.erb (0.6ms)
  Rendered shared/_search_modal.html.erb (0.7ms)
  Rendered shared/_main_content.html.erb (0.7ms)
  Rendered static_pages/index.html.erb within layouts/application (28.6ms)
Completed 200 OK in 272ms (Views: 250.2ms | ActiveRecord: 0.0ms)


Started GET "/assets/application.self-e2e125f8da955f278b17c7ae0080968fbce9f47f58128769867a93d818c1985e.css?body=1" for ::1 at 2018-11-19 14:27:55 -0800
Started GET "/assets/application.self-e2e125f8da955f278b17c7ae0080968fbce9f47f58128769867a93d818c1985e.css?body=1&livereload=1542666728291" for ::1 at 2018-11-19 14:32:08 -0800
Started GET "/assets/application.self-e2e125f8da955f278b17c7ae0080968fbce9f47f58128769867a93d818c1985e.css?body=1&livereload=1542666728293" for ::1 at 2018-11-19 14:32:08 -0800
Started GET "/" for ::1 at 2018-11-19 14:32:09 -0800
Processing by StaticPagesController#index as HTML
  Rendering static_pages/index.html.erb within layouts/application
  Rendered shared/_main_nav.html.erb (0.6ms)
  Rendered shared/_masthead.html.erb (0.5ms)
  Rendered shared/_sections_nav.html.erb (0.4ms)
  Rendered shared/_search_modal.html.erb (0.3ms)
  Rendered shared/_main_content.html.erb (0.3ms)
  Rendered static_pages/index.html.erb within layouts/application (16.0ms)
Completed 200 OK in 57ms (Views: 53.5ms | ActiveRecord: 0.0ms)


Started GET "/assets/application.self-38c1a1a194fa270e5df0082ee125c310232dc43fccef616fd4766657c76cf000.css?body=1" for ::1 at 2018-11-19 14:32:09 -0800
Started GET "/" for ::1 at 2018-11-19 14:32:11 -0800
Processing by StaticPagesController#index as HTML
  Rendering static_pages/index.html.erb within layouts/application
  Rendered shared/_main_nav.html.erb (0.5ms)
  Rendered shared/_masthead.html.erb (0.3ms)
  Rendered shared/_sections_nav.html.erb (0.5ms)
  Rendered shared/_search_modal.html.erb (0.6ms)
  Rendered shared/_main_content.html.erb (0.4ms)
  Rendered static_pages/index.html.erb within layouts/application (16.3ms)
Completed 200 OK in 48ms (Views: 45.1ms | ActiveRecord: 0.0ms)


Started GET "/assets/application.self-38c1a1a194fa270e5df0082ee125c310232dc43fccef616fd4766657c76cf000.css?body=1&livereload=1542666744380" for ::1 at 2018-11-19 14:32:24 -0800
Started GET "/assets/application.self-38c1a1a194fa270e5df0082ee125c310232dc43fccef616fd4766657c76cf000.css?body=1&livereload=1542666744382" for ::1 at 2018-11-19 14:32:24 -0800
Started GET "/assets/application.self-38c1a1a194fa270e5df0082ee125c310232dc43fccef616fd4766657c76cf000.css?body=1&livereload=1542666774277" for ::1 at 2018-11-19 14:32:54 -0800
Started GET "/assets/application.self-38c1a1a194fa270e5df0082ee125c310232dc43fccef616fd4766657c76cf000.css?body=1&livereload=1542666774278" for ::1 at 2018-11-19 14:32:54 -0800
Started GET "/" for ::1 at 2018-11-19 14:32:54 -0800
Processing by StaticPagesController#index as HTML
  Rendering static_pages/index.html.erb within layouts/application
  Rendered shared/_main_nav.html.erb (0.6ms)
  Rendered shared/_masthead.html.erb (0.3ms)
  Rendered shared/_sections_nav.html.erb (0.4ms)
  Rendered shared/_search_modal.html.erb (0.4ms)
  Rendered shared/_main_content.html.erb (0.5ms)
  Rendered static_pages/index.html.erb within layouts/application (15.7ms)
Completed 200 OK in 120ms (Views: 112.4ms | ActiveRecord: 0.0ms)


Started GET "/assets/application.self-163c3cc6c7df16e334cf203c8088af252840a76b0799151ed7e2b12894b47bf8.css?body=1" for ::1 at 2018-11-19 14:32:55 -0800
Started GET "/assets/application.self-163c3cc6c7df16e334cf203c8088af252840a76b0799151ed7e2b12894b47bf8.css?body=1&livereload=1542666784153" for ::1 at 2018-11-19 14:33:04 -0800
Started GET "/assets/application.self-163c3cc6c7df16e334cf203c8088af252840a76b0799151ed7e2b12894b47bf8.css?body=1&livereload=1542666784155" for ::1 at 2018-11-19 14:33:04 -0800
Started GET "/" for ::1 at 2018-11-19 14:33:04 -0800
Processing by StaticPagesController#index as HTML
  Rendering static_pages/index.html.erb within layouts/application
  Rendered shared/_main_nav.html.erb (0.6ms)
  Rendered shared/_masthead.html.erb (0.5ms)
  Rendered shared/_sections_nav.html.erb (0.3ms)
  Rendered shared/_search_modal.html.erb (0.3ms)
  Rendered shared/_main_content.html.erb (0.6ms)
  Rendered static_pages/index.html.erb within layouts/application (22.5ms)
Completed 200 OK in 132ms (Views: 114.5ms | ActiveRecord: 0.0ms)


Started GET "/assets/application.self-005337f16c4854e53bc7cbf47be853b0f1a4cf6bd0976ddcdfb7e225eea627df.css?body=1" for ::1 at 2018-11-19 14:33:04 -0800
Started GET "/assets/application.self-005337f16c4854e53bc7cbf47be853b0f1a4cf6bd0976ddcdfb7e225eea627df.css?body=1&livereload=1542666857168" for ::1 at 2018-11-19 14:34:17 -0800
Started GET "/assets/application.self-005337f16c4854e53bc7cbf47be853b0f1a4cf6bd0976ddcdfb7e225eea627df.css?body=1&livereload=1542666857170" for ::1 at 2018-11-19 14:34:17 -0800
Started GET "/assets/application.self-005337f16c4854e53bc7cbf47be853b0f1a4cf6bd0976ddcdfb7e225eea627df.css?body=1&livereload=1542666944966" for ::1 at 2018-11-19 14:35:44 -0800
Started GET "/assets/application.self-005337f16c4854e53bc7cbf47be853b0f1a4cf6bd0976ddcdfb7e225eea627df.css?body=1&livereload=1542666944968" for ::1 at 2018-11-19 14:35:44 -0800
Started GET "/" for ::1 at 2018-11-19 14:35:47 -0800
Processing by StaticPagesController#index as HTML
  Rendering static_pages/index.html.erb within layouts/application
  Rendered shared/_main_nav.html.erb (0.4ms)
  Rendered shared/_masthead.html.erb (0.3ms)
  Rendered shared/_sections_nav.html.erb (0.3ms)
  Rendered shared/_search_modal.html.erb (0.3ms)
  Rendered shared/_main_content.html.erb (0.5ms)
  Rendered static_pages/index.html.erb within layouts/application (19.3ms)
Completed 200 OK in 181ms (Views: 139.7ms | ActiveRecord: 0.0ms)


Started GET "/assets/application.self-48ec470edce2a5d2ea28679e1e2e3c8c9d3f22baaa747e7593b3e9e001a0bc70.css?body=1" for ::1 at 2018-11-19 14:35:47 -0800
Started GET "/assets/application.self-48ec470edce2a5d2ea28679e1e2e3c8c9d3f22baaa747e7593b3e9e001a0bc70.css?body=1&livereload=1542666988839" for ::1 at 2018-11-19 14:36:28 -0800
Started GET "/assets/application.self-48ec470edce2a5d2ea28679e1e2e3c8c9d3f22baaa747e7593b3e9e001a0bc70.css?body=1&livereload=1542666988842" for ::1 at 2018-11-19 14:36:28 -0800
Started GET "/" for ::1 at 2018-11-19 14:36:34 -0800
Processing by StaticPagesController#index as HTML
  Rendering static_pages/index.html.erb within layouts/application
  Rendered shared/_main_nav.html.erb (0.5ms)
  Rendered shared/_masthead.html.erb (0.7ms)
  Rendered shared/_sections_nav.html.erb (0.6ms)
  Rendered shared/_search_modal.html.erb (0.5ms)
  Rendered shared/_main_content.html.erb (0.5ms)
  Rendered static_pages/index.html.erb within layouts/application (21.1ms)
Completed 200 OK in 57ms (Views: 53.5ms | ActiveRecord: 0.0ms)


Started GET "/assets/application.self-6e0b7fb44bd89a7b4f3eb9023cd3d5802a209b52b3a6dd47f443fe15bdecffd7.css?body=1" for ::1 at 2018-11-19 14:36:34 -0800
Started GET "/assets/application.self-6e0b7fb44bd89a7b4f3eb9023cd3d5802a209b52b3a6dd47f443fe15bdecffd7.css?body=1&livereload=1542667063111" for ::1 at 2018-11-19 14:37:43 -0800
Started GET "/assets/application.self-6e0b7fb44bd89a7b4f3eb9023cd3d5802a209b52b3a6dd47f443fe15bdecffd7.css?body=1&livereload=1542667063106" for ::1 at 2018-11-19 14:37:43 -0800
Started GET "/" for ::1 at 2018-11-19 14:37:44 -0800
Processing by StaticPagesController#index as HTML
  Rendering static_pages/index.html.erb within layouts/application
  Rendered shared/_main_nav.html.erb (0.4ms)
  Rendered shared/_masthead.html.erb (0.5ms)
  Rendered shared/_sections_nav.html.erb (0.5ms)
  Rendered shared/_search_modal.html.erb (0.3ms)
  Rendered shared/_main_content.html.erb (0.4ms)
  Rendered static_pages/index.html.erb within layouts/application (17.9ms)
Completed 200 OK in 134ms (Views: 129.0ms | ActiveRecord: 0.0ms)


Started GET "/assets/application.self-51d4ea9306118cf3b1f5bcbfaa9ddcb2b3d12d80b6c08481cabb45152b8e0b01.css?body=1" for ::1 at 2018-11-19 14:37:44 -0800
Started GET "/assets/application.self-51d4ea9306118cf3b1f5bcbfaa9ddcb2b3d12d80b6c08481cabb45152b8e0b01.css?body=1&livereload=1542667116262" for ::1 at 2018-11-19 14:38:36 -0800
Started GET "/assets/application.self-51d4ea9306118cf3b1f5bcbfaa9ddcb2b3d12d80b6c08481cabb45152b8e0b01.css?body=1&livereload=1542667116269" for ::1 at 2018-11-19 14:38:36 -0800
Started GET "/" for ::1 at 2018-11-19 14:38:37 -0800
Processing by StaticPagesController#index as HTML
  Rendering static_pages/index.html.erb within layouts/application
  Rendered shared/_main_nav.html.erb (0.5ms)
  Rendered shared/_masthead.html.erb (0.5ms)
  Rendered shared/_sections_nav.html.erb (0.5ms)
  Rendered shared/_search_modal.html.erb (0.5ms)
  Rendered shared/_main_content.html.erb (0.6ms)
  Rendered static_pages/index.html.erb within layouts/application (20.3ms)
Completed 200 OK in 176ms (Views: 173.1ms | ActiveRecord: 0.0ms)


Started GET "/assets/application.self-5ea3a829f33fd9e3d9b66c44ffca0e98f45a3694a45d1b8d5187bf0b84634c62.css?body=1" for ::1 at 2018-11-19 14:38:37 -0800
Started GET "/assets/application.self-5ea3a829f33fd9e3d9b66c44ffca0e98f45a3694a45d1b8d5187bf0b84634c62.css?body=1&livereload=1542667159060" for ::1 at 2018-11-19 14:39:19 -0800
Started GET "/assets/application.self-5ea3a829f33fd9e3d9b66c44ffca0e98f45a3694a45d1b8d5187bf0b84634c62.css?body=1&livereload=1542667159067" for ::1 at 2018-11-19 14:39:19 -0800
Started GET "/" for ::1 at 2018-11-19 14:39:20 -0800
Processing by StaticPagesController#index as HTML
  Rendering static_pages/index.html.erb within layouts/application
  Rendered shared/_main_nav.html.erb (0.6ms)
  Rendered shared/_masthead.html.erb (0.6ms)
  Rendered shared/_sections_nav.html.erb (0.6ms)
  Rendered shared/_search_modal.html.erb (0.5ms)
  Rendered shared/_main_content.html.erb (0.7ms)
  Rendered static_pages/index.html.erb within layouts/application (24.8ms)
Completed 200 OK in 110ms (Views: 107.0ms | ActiveRecord: 0.0ms)


Started GET "/assets/application.self-7e4507b333099eb9d22f99946ba1ccd533879575746e48e33153146b0d7523a7.css?body=1" for ::1 at 2018-11-19 14:39:20 -0800
Started GET "/assets/application.self-7e4507b333099eb9d22f99946ba1ccd533879575746e48e33153146b0d7523a7.css?body=1&livereload=1542667182945" for ::1 at 2018-11-19 14:39:42 -0800
Started GET "/assets/application.self-7e4507b333099eb9d22f99946ba1ccd533879575746e48e33153146b0d7523a7.css?body=1&livereload=1542667182949" for ::1 at 2018-11-19 14:39:42 -0800
Started GET "/assets/application.self-7e4507b333099eb9d22f99946ba1ccd533879575746e48e33153146b0d7523a7.css?body=1&livereload=1542667225880" for ::1 at 2018-11-19 14:40:25 -0800
Started GET "/assets/application.self-7e4507b333099eb9d22f99946ba1ccd533879575746e48e33153146b0d7523a7.css?body=1&livereload=1542667225883" for ::1 at 2018-11-19 14:40:25 -0800
Started GET "/assets/application.self-7e4507b333099eb9d22f99946ba1ccd533879575746e48e33153146b0d7523a7.css?body=1&livereload=1542667252009" for ::1 at 2018-11-19 14:40:52 -0800
Started GET "/assets/application.self-7e4507b333099eb9d22f99946ba1ccd533879575746e48e33153146b0d7523a7.css?body=1&livereload=1542667252011" for ::1 at 2018-11-19 14:40:52 -0800
Started GET "/assets/application.self-7e4507b333099eb9d22f99946ba1ccd533879575746e48e33153146b0d7523a7.css?body=1&livereload=1542667273914" for ::1 at 2018-11-19 14:41:13 -0800
Started GET "/assets/application.self-7e4507b333099eb9d22f99946ba1ccd533879575746e48e33153146b0d7523a7.css?body=1&livereload=1542667273913" for ::1 at 2018-11-19 14:41:13 -0800
Started GET "/assets/application.self-7e4507b333099eb9d22f99946ba1ccd533879575746e48e33153146b0d7523a7.css?body=1&livereload=1542667347237" for ::1 at 2018-11-19 14:42:27 -0800
Started GET "/assets/application.self-7e4507b333099eb9d22f99946ba1ccd533879575746e48e33153146b0d7523a7.css?body=1&livereload=1542667347235" for ::1 at 2018-11-19 14:42:27 -0800
Started GET "/" for ::1 at 2018-11-19 14:42:28 -0800
Processing by StaticPagesController#index as HTML
  Rendering static_pages/index.html.erb within layouts/application
  Rendered shared/_main_nav.html.erb (0.4ms)
  Rendered shared/_masthead.html.erb (0.5ms)
  Rendered shared/_sections_nav.html.erb (6.2ms)
  Rendered shared/_search_modal.html.erb (0.4ms)
  Rendered shared/_main_content.html.erb (0.4ms)
  Rendered static_pages/index.html.erb within layouts/application (21.2ms)
Completed 200 OK in 185ms (Views: 117.6ms | ActiveRecord: 0.0ms)


Started GET "/assets/application.self-839c45148ea4015ed03b26beab26504fb16a7000677907d7dbe726b90c3fbf0f.css?body=1" for ::1 at 2018-11-19 14:42:28 -0800
Started GET "/assets/application.self-839c45148ea4015ed03b26beab26504fb16a7000677907d7dbe726b90c3fbf0f.css?body=1&livereload=1542667360038" for ::1 at 2018-11-19 14:42:40 -0800
Started GET "/assets/application.self-839c45148ea4015ed03b26beab26504fb16a7000677907d7dbe726b90c3fbf0f.css?body=1&livereload=1542667360042" for ::1 at 2018-11-19 14:42:40 -0800
Started GET "/" for ::1 at 2018-11-19 14:42:40 -0800
Processing by StaticPagesController#index as HTML
  Rendering static_pages/index.html.erb within layouts/application
  Rendered shared/_main_nav.html.erb (2.5ms)
  Rendered shared/_masthead.html.erb (0.5ms)
  Rendered shared/_sections_nav.html.erb (0.4ms)
  Rendered shared/_search_modal.html.erb (0.3ms)
  Rendered shared/_main_content.html.erb (0.7ms)
  Rendered static_pages/index.html.erb within layouts/application (24.5ms)
Completed 200 OK in 82ms (Views: 74.0ms | ActiveRecord: 0.0ms)


Started GET "/assets/application.self-2a89dad2606dcc6348c6825f02aa1f4ba9fb781c1fb35b3f0f7e74e92fc1d19b.css?body=1" for ::1 at 2018-11-19 14:42:40 -0800
Started GET "/assets/application.self-2a89dad2606dcc6348c6825f02aa1f4ba9fb781c1fb35b3f0f7e74e92fc1d19b.css?body=1&livereload=1542667394173" for ::1 at 2018-11-19 14:43:14 -0800
Started GET "/assets/application.self-2a89dad2606dcc6348c6825f02aa1f4ba9fb781c1fb35b3f0f7e74e92fc1d19b.css?body=1&livereload=1542667394177" for ::1 at 2018-11-19 14:43:14 -0800
Started GET "/assets/application.self-2a89dad2606dcc6348c6825f02aa1f4ba9fb781c1fb35b3f0f7e74e92fc1d19b.css?body=1&livereload=1542667411146" for ::1 at 2018-11-19 14:43:31 -0800
Started GET "/assets/application.self-2a89dad2606dcc6348c6825f02aa1f4ba9fb781c1fb35b3f0f7e74e92fc1d19b.css?body=1&livereload=1542667411148" for ::1 at 2018-11-19 14:43:31 -0800
Started GET "/assets/application.self-2a89dad2606dcc6348c6825f02aa1f4ba9fb781c1fb35b3f0f7e74e92fc1d19b.css?body=1&livereload=1542667419907" for ::1 at 2018-11-19 14:43:39 -0800
Started GET "/assets/application.self-2a89dad2606dcc6348c6825f02aa1f4ba9fb781c1fb35b3f0f7e74e92fc1d19b.css?body=1&livereload=1542667419908" for ::1 at 2018-11-19 14:43:39 -0800
Started GET "/assets/application.self-2a89dad2606dcc6348c6825f02aa1f4ba9fb781c1fb35b3f0f7e74e92fc1d19b.css?body=1&livereload=1542667434917" for ::1 at 2018-11-19 14:43:54 -0800
Started GET "/assets/application.self-2a89dad2606dcc6348c6825f02aa1f4ba9fb781c1fb35b3f0f7e74e92fc1d19b.css?body=1&livereload=1542667434918" for ::1 at 2018-11-19 14:43:54 -0800
Started GET "/assets/application.self-2a89dad2606dcc6348c6825f02aa1f4ba9fb781c1fb35b3f0f7e74e92fc1d19b.css?body=1&livereload=1542667473737" for ::1 at 2018-11-19 14:44:33 -0800
Started GET "/assets/application.self-2a89dad2606dcc6348c6825f02aa1f4ba9fb781c1fb35b3f0f7e74e92fc1d19b.css?body=1&livereload=1542667473739" for ::1 at 2018-11-19 14:44:33 -0800
Started GET "/assets/application.self-2a89dad2606dcc6348c6825f02aa1f4ba9fb781c1fb35b3f0f7e74e92fc1d19b.css?body=1&livereload=1542667517845" for ::1 at 2018-11-19 14:45:17 -0800
Started GET "/assets/application.self-2a89dad2606dcc6348c6825f02aa1f4ba9fb781c1fb35b3f0f7e74e92fc1d19b.css?body=1&livereload=1542667517846" for ::1 at 2018-11-19 14:45:17 -0800
Started GET "/assets/application.self-2a89dad2606dcc6348c6825f02aa1f4ba9fb781c1fb35b3f0f7e74e92fc1d19b.css?body=1&livereload=1542667538760" for ::1 at 2018-11-19 14:45:38 -0800
Started GET "/assets/application.self-2a89dad2606dcc6348c6825f02aa1f4ba9fb781c1fb35b3f0f7e74e92fc1d19b.css?body=1&livereload=1542667538763" for ::1 at 2018-11-19 14:45:38 -0800
Started GET "/assets/application.self-2a89dad2606dcc6348c6825f02aa1f4ba9fb781c1fb35b3f0f7e74e92fc1d19b.css?body=1&livereload=1542667595058" for ::1 at 2018-11-19 14:46:35 -0800
Started GET "/assets/application.self-2a89dad2606dcc6348c6825f02aa1f4ba9fb781c1fb35b3f0f7e74e92fc1d19b.css?body=1&livereload=1542667595059" for ::1 at 2018-11-19 14:46:35 -0800
Started GET "/" for ::1 at 2018-11-19 14:46:36 -0800
Processing by StaticPagesController#index as HTML
  Rendering static_pages/index.html.erb within layouts/application
  Rendered shared/_main_nav.html.erb (0.4ms)
  Rendered shared/_masthead.html.erb (0.9ms)
  Rendered shared/_sections_nav.html.erb (0.3ms)
  Rendered shared/_search_modal.html.erb (0.3ms)
  Rendered shared/_main_content.html.erb (0.6ms)
  Rendered static_pages/index.html.erb within layouts/application (18.5ms)
Completed 200 OK in 181ms (Views: 176.0ms | ActiveRecord: 0.0ms)


Started GET "/assets/application.self-698a20f7191336bfefa1181a54b48d44f3bcaf5bf7dc24bcc0b9bf8ad599967a.css?body=1" for ::1 at 2018-11-19 14:46:37 -0800
Started GET "/assets/application.self-698a20f7191336bfefa1181a54b48d44f3bcaf5bf7dc24bcc0b9bf8ad599967a.css?body=1&livereload=1542667629317" for ::1 at 2018-11-19 14:47:09 -0800
Started GET "/assets/application.self-698a20f7191336bfefa1181a54b48d44f3bcaf5bf7dc24bcc0b9bf8ad599967a.css?body=1&livereload=1542667629319" for ::1 at 2018-11-19 14:47:09 -0800
Started GET "/assets/application.self-698a20f7191336bfefa1181a54b48d44f3bcaf5bf7dc24bcc0b9bf8ad599967a.css?body=1&livereload=1542667685059" for ::1 at 2018-11-19 14:48:05 -0800
Started GET "/assets/application.self-698a20f7191336bfefa1181a54b48d44f3bcaf5bf7dc24bcc0b9bf8ad599967a.css?body=1&livereload=1542667685060" for ::1 at 2018-11-19 14:48:05 -0800
